2025-10-17 18:33:40,977 - INFO - Custom CNN Logging setup successfully for Kaggle!
2025-10-17 18:33:40,978 - INFO - Log file: /kaggle/working/custom_cnn_training.log
2025-10-17 18:33:40,979 - INFO - Starting Custom CNN Food Classification Pipeline on Kaggle...
2025-10-17 18:33:40,980 - INFO - CustomDataGenerator initialized for Kaggle
2025-10-17 18:33:40,981 - INFO - Creating Custom CNN data generators with augmentation...
2025-10-17 18:33:41,285 - INFO - Custom CNN - Found 34 classes
2025-10-17 18:33:41,285 - INFO - Custom CNN - Training samples: 7956
2025-10-17 18:33:41,286 - INFO - Custom CNN - Validation samples: 1372
2025-10-17 18:33:41,286 - INFO - CustomFoodModel initialized for Kaggle
2025-10-17 18:33:41,287 - INFO - Building Custom CNN model from scratch...
2025-10-17 18:33:41,495 - INFO - Custom CNN model built successfully!
2025-10-17 18:33:41,496 - INFO - Compiling Custom CNN model...
2025-10-17 18:33:41,506 - INFO - Custom CNN model compiled successfully!
2025-10-17 18:33:41,506 - INFO - Custom CNN Model Summary:
2025-10-17 18:33:41,539 - INFO - CustomModelTrainer initialized
2025-10-17 18:33:41,539 - INFO - Starting Custom CNN model training...
2025-10-17 18:33:41,540 - INFO - Custom CNN callbacks defined successfully!
2025-10-17 18:38:14,244 - WARNING - You are saving your model as an HDF5 file via `model.save()` or `keras.saving.save_model(model)`. This file format is considered legacy. We recommend using instead the native Keras format, e.g. `model.save('my_model.keras')` or `keras.saving.save_model(model, 'my_model.keras')`. 
2025-10-17 18:41:00,961 - WARNING - You are saving your model as an HDF5 file via `model.save()` or `keras.saving.save_model(model)`. This file format is considered legacy. We recommend using instead the native Keras format, e.g. `model.save('my_model.keras')` or `keras.saving.save_model(model, 'my_model.keras')`. 
2025-10-17 18:46:35,532 - WARNING - You are saving your model as an HDF5 file via `model.save()` or `keras.saving.save_model(model)`. This file format is considered legacy. We recommend using instead the native Keras format, e.g. `model.save('my_model.keras')` or `keras.saving.save_model(model, 'my_model.keras')`. 
2025-10-17 18:49:21,939 - WARNING - You are saving your model as an HDF5 file via `model.save()` or `keras.saving.save_model(model)`. This file format is considered legacy. We recommend using instead the native Keras format, e.g. `model.save('my_model.keras')` or `keras.saving.save_model(model, 'my_model.keras')`. 
2025-10-17 18:52:11,050 - WARNING - You are saving your model as an HDF5 file via `model.save()` or `keras.saving.save_model(model)`. This file format is considered legacy. We recommend using instead the native Keras format, e.g. `model.save('my_model.keras')` or `keras.saving.save_model(model, 'my_model.keras')`. 
2025-10-17 18:57:43,740 - WARNING - You are saving your model as an HDF5 file via `model.save()` or `keras.saving.save_model(model)`. This file format is considered legacy. We recommend using instead the native Keras format, e.g. `model.save('my_model.keras')` or `keras.saving.save_model(model, 'my_model.keras')`. 
2025-10-17 19:05:57,993 - WARNING - You are saving your model as an HDF5 file via `model.save()` or `keras.saving.save_model(model)`. This file format is considered legacy. We recommend using instead the native Keras format, e.g. `model.save('my_model.keras')` or `keras.saving.save_model(model, 'my_model.keras')`. 
2025-10-17 19:19:56,631 - WARNING - You are saving your model as an HDF5 file via `model.save()` or `keras.saving.save_model(model)`. This file format is considered legacy. We recommend using instead the native Keras format, e.g. `model.save('my_model.keras')` or `keras.saving.save_model(model, 'my_model.keras')`. 
2025-10-17 19:25:28,895 - WARNING - You are saving your model as an HDF5 file via `model.save()` or `keras.saving.save_model(model)`. This file format is considered legacy. We recommend using instead the native Keras format, e.g. `model.save('my_model.keras')` or `keras.saving.save_model(model, 'my_model.keras')`. 
2025-10-17 19:31:07,129 - WARNING - You are saving your model as an HDF5 file via `model.save()` or `keras.saving.save_model(model)`. This file format is considered legacy. We recommend using instead the native Keras format, e.g. `model.save('my_model.keras')` or `keras.saving.save_model(model, 'my_model.keras')`. 
2025-10-17 19:45:02,258 - WARNING - You are saving your model as an HDF5 file via `model.save()` or `keras.saving.save_model(model)`. This file format is considered legacy. We recommend using instead the native Keras format, e.g. `model.save('my_model.keras')` or `keras.saving.save_model(model, 'my_model.keras')`. 
2025-10-17 20:01:33,026 - WARNING - You are saving your model as an HDF5 file via `model.save()` or `keras.saving.save_model(model)`. This file format is considered legacy. We recommend using instead the native Keras format, e.g. `model.save('my_model.keras')` or `keras.saving.save_model(model, 'my_model.keras')`. 
2025-10-17 20:04:18,575 - WARNING - You are saving your model as an HDF5 file via `model.save()` or `keras.saving.save_model(model)`. This file format is considered legacy. We recommend using instead the native Keras format, e.g. `model.save('my_model.keras')` or `keras.saving.save_model(model, 'my_model.keras')`. 
2025-10-17 20:07:03,113 - WARNING - You are saving your model as an HDF5 file via `model.save()` or `keras.saving.save_model(model)`. This file format is considered legacy. We recommend using instead the native Keras format, e.g. `model.save('my_model.keras')` or `keras.saving.save_model(model, 'my_model.keras')`. 
2025-10-17 20:20:49,788 - WARNING - You are saving your model as an HDF5 file via `model.save()` or `keras.saving.save_model(model)`. This file format is considered legacy. We recommend using instead the native Keras format, e.g. `model.save('my_model.keras')` or `keras.saving.save_model(model, 'my_model.keras')`. 
2025-10-17 20:23:34,687 - WARNING - You are saving your model as an HDF5 file via `model.save()` or `keras.saving.save_model(model)`. This file format is considered legacy. We recommend using instead the native Keras format, e.g. `model.save('my_model.keras')` or `keras.saving.save_model(model, 'my_model.keras')`. 
2025-10-17 20:29:07,930 - WARNING - You are saving your model as an HDF5 file via `model.save()` or `keras.saving.save_model(model)`. This file format is considered legacy. We recommend using instead the native Keras format, e.g. `model.save('my_model.keras')` or `keras.saving.save_model(model, 'my_model.keras')`. 
2025-10-17 20:31:53,165 - WARNING - You are saving your model as an HDF5 file via `model.save()` or `keras.saving.save_model(model)`. This file format is considered legacy. We recommend using instead the native Keras format, e.g. `model.save('my_model.keras')` or `keras.saving.save_model(model, 'my_model.keras')`. 
2025-10-17 20:48:15,997 - WARNING - You are saving your model as an HDF5 file via `model.save()` or `keras.saving.save_model(model)`. This file format is considered legacy. We recommend using instead the native Keras format, e.g. `model.save('my_model.keras')` or `keras.saving.save_model(model, 'my_model.keras')`. 
2025-10-17 20:50:59,095 - WARNING - You are saving your model as an HDF5 file via `model.save()` or `keras.saving.save_model(model)`. This file format is considered legacy. We recommend using instead the native Keras format, e.g. `model.save('my_model.keras')` or `keras.saving.save_model(model, 'my_model.keras')`. 
2025-10-17 20:53:45,086 - INFO - Custom CNN model training completed successfully!
2025-10-17 20:53:45,087 - INFO - Generating Custom CNN validation report...
2025-10-17 20:54:01,623 - INFO - Custom CNN validation report saved to: /kaggle/working/Custom_CNN_Model_Report.txt
2025-10-17 20:54:01,624 - INFO - Custom CNN JSON report saved to: /kaggle/working/Custom_CNN_Model_Report.json
2025-10-17 20:54:01,625 - INFO - Custom CNN Pipeline completed successfully!
2025-10-17 20:54:02,471 - WARNING - Compiled the loaded model, but the compiled metrics have yet to be built. `model.compile_metrics` will be empty until you train or evaluate the model.
