2025-10-17 16:56:21,913 - INFO - VGG16 Logging setup successfully for Kaggle!
2025-10-17 16:56:21,913 - INFO - Log file: /kaggle/working/vgg16_training.log
2025-10-17 16:56:21,914 - INFO - Starting VGG16 Food Classification Pipeline on Kaggle...
2025-10-17 16:56:21,915 - INFO - VGG16DataGenerator initialized for Kaggle
2025-10-17 16:56:21,916 - INFO - Creating VGG16 data generators with augmentation...
2025-10-17 16:56:23,094 - INFO - VGG16 - Found 34 classes
2025-10-17 16:56:23,095 - INFO - VGG16 - Training samples: 7956
2025-10-17 16:56:23,095 - INFO - VGG16 - Validation samples: 1372
2025-10-17 16:56:23,096 - INFO - VGG16FoodModel initialized for Kaggle
2025-10-17 16:56:23,097 - INFO - Building VGG16 transfer learning model...
2025-10-17 16:56:55,170 - WARNING - Could not download ImageNet weights: URL fetch failure on https://storage.googleapis.com/tensorflow/keras-applications/vgg16/vgg16_weights_tf_dim_ordering_tf_kernels_notop.h5: None -- [Errno -3] Temporary failure in name resolution
2025-10-17 16:56:55,171 - INFO - Using VGG16 with random initialization (transfer learning will still work)
2025-10-17 16:56:55,275 - INFO - VGG16 model built successfully!
2025-10-17 16:56:55,276 - INFO - Compiling VGG16 model...
2025-10-17 16:56:55,283 - INFO - VGG16 model compiled successfully!
2025-10-17 16:56:55,284 - INFO - VGG16 Model Summary:
2025-10-17 16:56:55,305 - INFO - VGG16ModelTrainer initialized
2025-10-17 16:56:55,306 - INFO - Starting VGG16 model training...
2025-10-17 16:56:55,306 - INFO - VGG16 callbacks defined successfully!
2025-10-17 17:00:33,528 - WARNING - You are saving your model as an HDF5 file via `model.save()` or `keras.saving.save_model(model)`. This file format is considered legacy. We recommend using instead the native Keras format, e.g. `model.save('my_model.keras')` or `keras.saving.save_model(model, 'my_model.keras')`. 
2025-10-17 17:03:11,923 - WARNING - You are saving your model as an HDF5 file via `model.save()` or `keras.saving.save_model(model)`. This file format is considered legacy. We recommend using instead the native Keras format, e.g. `model.save('my_model.keras')` or `keras.saving.save_model(model, 'my_model.keras')`. 
2025-10-17 17:05:51,292 - WARNING - You are saving your model as an HDF5 file via `model.save()` or `keras.saving.save_model(model)`. This file format is considered legacy. We recommend using instead the native Keras format, e.g. `model.save('my_model.keras')` or `keras.saving.save_model(model, 'my_model.keras')`. 
2025-10-17 17:11:05,428 - WARNING - You are saving your model as an HDF5 file via `model.save()` or `keras.saving.save_model(model)`. This file format is considered legacy. We recommend using instead the native Keras format, e.g. `model.save('my_model.keras')` or `keras.saving.save_model(model, 'my_model.keras')`. 
2025-10-17 17:16:22,499 - WARNING - You are saving your model as an HDF5 file via `model.save()` or `keras.saving.save_model(model)`. This file format is considered legacy. We recommend using instead the native Keras format, e.g. `model.save('my_model.keras')` or `keras.saving.save_model(model, 'my_model.keras')`. 
2025-10-17 17:21:39,889 - WARNING - You are saving your model as an HDF5 file via `model.save()` or `keras.saving.save_model(model)`. This file format is considered legacy. We recommend using instead the native Keras format, e.g. `model.save('my_model.keras')` or `keras.saving.save_model(model, 'my_model.keras')`. 
2025-10-17 17:24:20,427 - WARNING - You are saving your model as an HDF5 file via `model.save()` or `keras.saving.save_model(model)`. This file format is considered legacy. We recommend using instead the native Keras format, e.g. `model.save('my_model.keras')` or `keras.saving.save_model(model, 'my_model.keras')`. 
2025-10-17 17:39:59,555 - WARNING - You are saving your model as an HDF5 file via `model.save()` or `keras.saving.save_model(model)`. This file format is considered legacy. We recommend using instead the native Keras format, e.g. `model.save('my_model.keras')` or `keras.saving.save_model(model, 'my_model.keras')`. 
2025-10-17 17:47:48,214 - WARNING - You are saving your model as an HDF5 file via `model.save()` or `keras.saving.save_model(model)`. This file format is considered legacy. We recommend using instead the native Keras format, e.g. `model.save('my_model.keras')` or `keras.saving.save_model(model, 'my_model.keras')`. 
2025-10-17 17:55:37,749 - WARNING - You are saving your model as an HDF5 file via `model.save()` or `keras.saving.save_model(model)`. This file format is considered legacy. We recommend using instead the native Keras format, e.g. `model.save('my_model.keras')` or `keras.saving.save_model(model, 'my_model.keras')`. 
2025-10-17 18:00:50,400 - WARNING - You are saving your model as an HDF5 file via `model.save()` or `keras.saving.save_model(model)`. This file format is considered legacy. We recommend using instead the native Keras format, e.g. `model.save('my_model.keras')` or `keras.saving.save_model(model, 'my_model.keras')`. 
2025-10-17 18:06:06,360 - WARNING - You are saving your model as an HDF5 file via `model.save()` or `keras.saving.save_model(model)`. This file format is considered legacy. We recommend using instead the native Keras format, e.g. `model.save('my_model.keras')` or `keras.saving.save_model(model, 'my_model.keras')`. 
2025-10-17 18:27:06,620 - INFO - VGG16 model training completed successfully!
2025-10-17 18:27:06,621 - INFO - Generating VGG16 validation report...
2025-10-17 18:27:23,231 - INFO - VGG16 validation report saved to: /kaggle/working/VGG16_Model_Report.txt
2025-10-17 18:27:23,232 - INFO - VGG16 JSON report saved to: /kaggle/working/VGG16_Model_Report.json
2025-10-17 18:27:23,232 - INFO - VGG16 Pipeline completed successfully!
2025-10-17 18:27:23,706 - WARNING - Compiled the loaded model, but the compiled metrics have yet to be built. `model.compile_metrics` will be empty until you train or evaluate the model.
